<?xml version="1.0" encoding="UTF-8"?>
<!-- Generated by org.testng.reporters.JUnitReportReporter -->
<testsuite hostname="Amrendra" failures="0" tests="2" name="testCases.TC_03_DeviceSelection" time="14.613" errors="0" timestamp="2024-05-03T12:25:06 IST" skipped="0">
  <testcase classname="testCases.TC_03_DeviceSelection" name="LoginTest" time="10.960"/>
  <testcase classname="testCases.TC_03_DeviceSelection" name="Device_Selection_Tree_View" time="3.653"/>
</testsuite> <!-- testCases.TC_03_DeviceSelection -->
