<?xml version="1.0" encoding="UTF-8"?>
<!-- Generated by org.testng.reporters.JUnitReportReporter -->
<testsuite hostname="Amrendra" failures="0" tests="1" name="testCases.TC_01_LoginTestCase" time="10.960" errors="0" timestamp="2024-05-06T14:14:24 IST" skipped="0">
  <testcase classname="testCases.TC_01_LoginTestCase" name="LoginTest" time="10.960"/>
</testsuite> <!-- testCases.TC_01_LoginTestCase -->
